<?xml version="1.0" encoding="UTF-8"?>
<testng-results ignored="0" total="1" passed="1" failed="0" skipped="0">
  <reporter-output>
  </reporter-output>
  <suite started-at="2026-05-28T13:22:39 BRT" name="API Automation Session Smoke Suite" finished-at="2026-05-28T13:22:41 BRT" duration-ms="1811">
    <groups>
      <group name="users-sucess">
        <method signature="GetUsersSucessTest.shouldReturnUsersListSuccessfully()[pri:0, instance:userManagement.GetUsersSucessTest@3439f68d]" name="shouldReturnUsersListSuccessfully" class="userManagement.GetUsersSucessTest"/>
      </group> <!-- users-sucess -->
    </groups>
    <test started-at="2026-05-28T13:22:39 BRT" name="API Users TestCases" finished-at="2026-05-28T13:22:41 BRT" duration-ms="1811">
      <class name="userManagement.GetUsersSucessTest">
        <test-method is-config="true" signature="setup()[pri:0, instance:userManagement.GetUsersSucessTest@3439f68d]" started-at="2026-05-28T13:22:39 BRT" name="setup" finished-at="2026-05-28T13:22:39 BRT" duration-ms="346" status="PASS">
          <reporter-output>
          </reporter-output>
        </test-method> <!-- setup -->
        <test-method signature="shouldReturnUsersListSuccessfully()[pri:0, instance:userManagement.GetUsersSucessTest@3439f68d]" started-at="2026-05-28T13:22:39 BRT" name="shouldReturnUsersListSuccessfully" description="Deve retornar usuários da página 2 com sucesso" finished-at="2026-05-28T13:22:41 BRT" duration-ms="1795" status="PASS">
          <reporter-output>
          </reporter-output>
        </test-method> <!-- shouldReturnUsersListSuccessfully -->
      </class> <!-- userManagement.GetUsersSucessTest -->
    </test> <!-- API Users TestCases -->
  </suite> <!-- API Automation Session Smoke Suite -->
</testng-results>
